  _tmain.cpp
E:\VS_Code\Ring3_Inject\Ring3_Inject\ModuleHelper.h(59,43): warning C4312: “类型强制转换”: 从“DWORD”转换到更大的“void *”
  (编译源文件“_tmain.cpp”)
  
E:\VS_Code\Ring3_Inject\Ring3_Inject\ProcessHelper.h(20,13): warning C4477: “wprintf”: 格式字符串“%s”需要类型“wchar_t *”的参数，但可变参数 1 拥有了类型“DWORD”
  (编译源文件“_tmain.cpp”)
  
E:\VS_Code\Ring3_Inject\Ring3_Inject\ProcessHelper.h(20,13): warning C4313: "wprintf": 格式字符串中的 "%s" 与类型为 "DWORD" 的参数 1 冲突
  (编译源文件“_tmain.cpp”)
  
E:\VS_Code\Ring3_Inject\Ring3_Inject\ProcessHelper.h(28,13): warning C4477: “wprintf”: 格式字符串“%s”需要类型“wchar_t *”的参数，但可变参数 1 拥有了类型“DWORD”
  (编译源文件“_tmain.cpp”)
  
E:\VS_Code\Ring3_Inject\Ring3_Inject\ProcessHelper.h(28,13): warning C4313: "wprintf": 格式字符串中的 "%s" 与类型为 "DWORD" 的参数 1 冲突
  (编译源文件“_tmain.cpp”)
  
E:\VS_Code\Ring3_Inject\Ring3_Inject\_tmain.cpp(81,13): warning C4267: “初始化”: 从“size_t”转换到“int”，可能丢失数据
E:\VS_Code\Ring3_Inject\Ring3_Inject\_tmain.cpp(132,31): warning C4311: “类型强制转换”: 从“PVOID”到“ULONG”的指针截断
E:\VS_Code\Ring3_Inject\Ring3_Inject\_tmain.cpp(132,31): warning C4302: “类型强制转换”: 从“PVOID”到“ULONG”截断
E:\VS_Code\Ring3_Inject\Ring3_Inject\_tmain.cpp(133,32): warning C4311: “类型强制转换”: 从“LPFN_LOADLIBRARYW”到“ULONG”的指针截断
E:\VS_Code\Ring3_Inject\Ring3_Inject\_tmain.cpp(133,32): warning C4302: “类型强制转换”: 从“LPFN_LOADLIBRARYW”到“ULONG”截断
E:\VS_Code\Ring3_Inject\Ring3_Inject\_tmain.cpp(146,50): error C2039: "Eip": 不是 "_CONTEXT" 的成员
  D:\Windows Kits\10\Include\10.0.22621.0\um\winnt.h(4206,54):
  参见“_CONTEXT”的声明
  
E:\VS_Code\Ring3_Inject\Ring3_Inject\_tmain.cpp(152,16): error C2039: "Eip": 不是 "_CONTEXT" 的成员
  D:\Windows Kits\10\Include\10.0.22621.0\um\winnt.h(4206,54):
  参见“_CONTEXT”的声明
  
